This is pdfTeX, Version 3.141592653-2.6-1.40.22 (TeX Live 2022/dev/Debian) (preloaded format=pdflatex 2023.6.1)  5 JUL 2023 12:20
entering extended mode
 \write18 enabled.
 %&-line parsing enabled.
**\nonstopmode\nofiles\PassOptionsToPackage{active,tightpage,auctex}{preview}\AtBeginDocument{\ifx\ifPreview\undefined\RequirePackage[displaymath,floats,graphics,textmath,sections,footnotes]{preview}[2004/11/05]\selectlanguage{english}\fi} \input \detokenize{ _region_.tex }
(./_region_.tex  !name(cell-cat.tex) (/usr/share/texlive/texmf-dist/tex/latex/amscls/amsart.cls
Document Class: amsart 2020/05/29 v2.20.6
\linespacing=\dimen138
\normalparindent=\dimen139
\normaltopskip=\skip47
(/usr/share/texlive/texmf-dist/tex/latex/amsmath/amsmath.sty
Package: amsmath 2021/10/15 v2.17l AMS math features
\@mathmargin=\skip48

For additional information on amsmath, use the `?' option.
(/usr/share/texlive/texmf-dist/tex/latex/amsmath/amstext.sty
Package: amstext 2021/08/26 v2.01 AMS text
 (/usr/share/texlive/texmf-dist/tex/latex/amsmath/amsgen.sty
File: amsgen.sty 1999/11/30 v2.0 generic functions
\@emptytoks=\toks16
\ex@=\dimen140
)) (/usr/share/texlive/texmf-dist/tex/latex/amsmath/amsbsy.sty
Package: amsbsy 1999/11/29 v1.2d Bold Symbols
\pmbraise@=\dimen141
) (/usr/share/texlive/texmf-dist/tex/latex/amsmath/amsopn.sty
Package: amsopn 2021/08/26 v2.02 operator names
)
\inf@bad=\count185
LaTeX Info: Redefining \frac on input line 234.
\uproot@=\count186
\leftroot@=\count187
LaTeX Info: Redefining \overline on input line 399.
\classnum@=\count188
\DOTSCASE@=\count189
LaTeX Info: Redefining \ldots on input line 496.
LaTeX Info: Redefining \dots on input line 499.
LaTeX Info: Redefining \cdots on input line 620.
\Mathstrutbox@=\box50
\strutbox@=\box51
\big@size=\dimen142
LaTeX Font Info:    Redeclaring font encoding OML on input line 743.
LaTeX Font Info:    Redeclaring font encoding OMS on input line 744.
\macc@depth=\count190
\c@MaxMatrixCols=\count191
\dotsspace@=\muskip16
\c@parentequation=\count192
\dspbrk@lvl=\count193
\tag@help=\toks17
\row@=\count194
\column@=\count195
\maxfields@=\count196
\andhelp@=\toks18
\eqnshift@=\dimen143
\alignsep@=\dimen144
\tagshift@=\dimen145
\tagwidth@=\dimen146
\totwidth@=\dimen147
\lineht@=\dimen148
\@envbody=\toks19
\multlinegap=\skip49
\multlinetaggap=\skip50
\mathdisplay@stack=\toks20
LaTeX Info: Redefining \[ on input line 2938.
LaTeX Info: Redefining \] on input line 2939.
)
LaTeX Font Info:    Trying to load font information for U+msa on input line 397.
 (/usr/share/texlive/texmf-dist/tex/latex/amsfonts/umsa.fd
File: umsa.fd 2013/01/14 v3.01 AMS symbols A
) (/usr/share/texlive/texmf-dist/tex/latex/amsfonts/amsfonts.sty
Package: amsfonts 2013/01/14 v3.01 Basic AMSFonts support
\symAMSa=\mathgroup4
\symAMSb=\mathgroup5
LaTeX Font Info:    Redeclaring math symbol \hbar on input line 98.
LaTeX Font Info:    Overwriting math alphabet `\mathfrak' in version `bold'
(Font)                  U/euf/m/n --> U/euf/b/n on input line 106.
)
\copyins=\insert199
\abstractbox=\box52
\listisep=\skip51
\c@part=\count197
\c@section=\count198
\c@subsection=\count266
\c@subsubsection=\count267
\c@paragraph=\count268
\c@subparagraph=\count269
\c@figure=\count270
\c@table=\count271
\abovecaptionskip=\skip52
\belowcaptionskip=\skip53
\captionindent=\dimen149
\thm@style=\toks21
\thm@bodyfont=\toks22
\thm@headfont=\toks23
\thm@notefont=\toks24
\thm@headpunct=\toks25
\thm@preskip=\skip54
\thm@postskip=\skip55
\thm@headsep=\skip56
\dth@everypar=\toks26
) (./cell-prelim.tex (/usr/share/texlive/texmf-dist/tex/latex/dirtytalk/dirtytalk.sty
Package: dirtytalk 2010/11/21 A package making "quoting" easier
 (/usr/share/texlive/texmf-dist/tex/latex/kvoptions/kvoptions.sty
Package: kvoptions 2020-10-07 v3.14 Key value format for package options (HO)
 (/usr/share/texlive/texmf-dist/tex/latex/graphics/keyval.sty
Package: keyval 2014/10/28 v1.15 key=value parser (DPC)
\KV@toks@=\toks27
) (/usr/share/texlive/texmf-dist/tex/generic/ltxcmds/ltxcmds.sty
Package: ltxcmds 2020-05-10 v1.25 LaTeX kernel commands for general use (HO)
) (/usr/share/texlive/texmf-dist/tex/generic/kvsetkeys/kvsetkeys.sty
Package: kvsetkeys 2019/12/15 v1.18 Key value parser (HO)
)) (/usr/share/texlive/texmf-dist/tex/latex/base/ifthen.sty
Package: ifthen 2020/11/24 v1.1c Standard LaTeX ifthen package (DPC)
)
\c@dirtytalk@qdepth=\count272
) (/usr/share/texlive/texmf-dist/tex/latex/graphics/color.sty
Package: color 2021/12/07 v1.3c Standard LaTeX Color (DPC)
 (/usr/share/texlive/texmf-dist/tex/latex/graphics-cfg/color.cfg
File: color.cfg 2016/01/02 v1.6 sample color configuration
)
Package color Info: Driver file: pdftex.def on input line 149.
 (/usr/share/texlive/texmf-dist/tex/latex/graphics-def/pdftex.def
File: pdftex.def 2020/10/05 v1.2a Graphics/color driver for pdftex
))
(/usr/share/texlive/texmf-dist/tex/latex/hyperref/hyperref.sty
Package: hyperref 2021-06-07 v7.00m Hypertext links for LaTeX
 (/usr/share/texlive/texmf-dist/tex/generic/iftex/iftex.sty
Package: iftex 2020/03/06 v1.0d TeX engine tests
) (/usr/share/texlive/texmf-dist/tex/generic/pdftexcmds/pdftexcmds.sty
Package: pdftexcmds 2020-06-27 v0.33 Utility functions of pdfTeX for LuaTeX (HO)
 (/usr/share/texlive/texmf-dist/tex/generic/infwarerr/infwarerr.sty
Package: infwarerr 2019/12/03 v1.5 Providing info/warning/error messages (HO)
)
Package pdftexcmds Info: \pdf@primitive is available.
Package pdftexcmds Info: \pdf@ifprimitive is available.
Package pdftexcmds Info: \pdfdraftmode found.
) (/usr/share/texlive/texmf-dist/tex/generic/kvdefinekeys/kvdefinekeys.sty
Package: kvdefinekeys 2019-12-19 v1.6 Define keys (HO)
) (/usr/share/texlive/texmf-dist/tex/generic/pdfescape/pdfescape.sty
Package: pdfescape 2019/12/09 v1.15 Implements pdfTeX's escape features (HO)
) (/usr/share/texlive/texmf-dist/tex/latex/hycolor/hycolor.sty
Package: hycolor 2020-01-27 v1.10 Color options for hyperref/bookmark (HO)
) (/usr/share/texlive/texmf-dist/tex/latex/letltxmacro/letltxmacro.sty
Package: letltxmacro 2019/12/03 v1.6 Let assignment for LaTeX macros (HO)
) (/usr/share/texlive/texmf-dist/tex/latex/auxhook/auxhook.sty
Package: auxhook 2019-12-17 v1.6 Hooks for auxiliary files (HO)
)
\@linkdim=\dimen150
\Hy@linkcounter=\count273
\Hy@pagecounter=\count274
 (/usr/share/texlive/texmf-dist/tex/latex/hyperref/pd1enc.def
File: pd1enc.def 2021-06-07 v7.00m Hyperref: PDFDocEncoding definition (HO)
Now handling font encoding PD1 ...
... no UTF-8 mapping file for font encoding PD1
) (/usr/share/texlive/texmf-dist/tex/latex/hyperref/hyperref-langpatches.def
File: hyperref-langpatches.def 2021-06-07 v7.00m Hyperref: patches for babel languages
) (/usr/share/texlive/texmf-dist/tex/generic/intcalc/intcalc.sty
Package: intcalc 2019/12/15 v1.3 Expandable calculations with integers (HO)
) (/usr/share/texlive/texmf-dist/tex/generic/etexcmds/etexcmds.sty
Package: etexcmds 2019/12/15 v1.7 Avoid name clashes with e-TeX commands (HO)
)
\Hy@SavedSpaceFactor=\count275
 (/usr/share/texlive/texmf-dist/tex/latex/hyperref/puenc.def
File: puenc.def 2021-06-07 v7.00m Hyperref: PDF Unicode definition (HO)
Now handling font encoding PU ...
... no UTF-8 mapping file for font encoding PU
)
Package hyperref Info: Hyper figures OFF on input line 4192.
Package hyperref Info: Link nesting OFF on input line 4197.
Package hyperref Info: Hyper index ON on input line 4200.
Package hyperref Info: Plain pages OFF on input line 4207.
Package hyperref Info: Backreferencing OFF on input line 4212.
Package hyperref Info: Implicit mode ON; LaTeX internals redefined.
Package hyperref Info: Bookmarks ON on input line 4445.
\c@Hy@tempcnt=\count276
 (/usr/share/texlive/texmf-dist/tex/latex/url/url.sty
\Urlmuskip=\muskip17
Package: url 2013/09/16  ver 3.4  Verb mode for urls, etc.
)
LaTeX Info: Redefining \url on input line 4804.
\XeTeXLinkMargin=\dimen151

(/usr/share/texlive/texmf-dist/tex/generic/bitset/bitset.sty
Package: bitset 2019/12/09 v1.3 Handle bit-vector datatype (HO)
 (/usr/share/texlive/texmf-dist/tex/generic/bigintcalc/bigintcalc.sty
Package: bigintcalc 2019/12/15 v1.5 Expandable calculations on big integers (HO)
))
\Fld@menulength=\count277
\Field@Width=\dimen152
\Fld@charsize=\dimen153
Package hyperref Info: Hyper figures OFF on input line 6076.
Package hyperref Info: Link nesting OFF on input line 6081.
Package hyperref Info: Hyper index ON on input line 6084.
Package hyperref Info: backreferencing OFF on input line 6091.
Package hyperref Info: Link coloring OFF on input line 6096.
Package hyperref Info: Link coloring with OCG OFF on input line 6101.
Package hyperref Info: PDF/A mode OFF on input line 6106.
LaTeX Info: Redefining \ref on input line 6146.
LaTeX Info: Redefining \pageref on input line 6150.
 (/usr/share/texlive/texmf-dist/tex/latex/base/atbegshi-ltx.sty
Package: atbegshi-ltx 2021/01/10 v1.0c Emulation of the original atbegshi
package with kernel methods
)
\Hy@abspage=\count278
\c@Item=\count279
\c@Hfootnote=\count280
)
Package hyperref Info: Driver (autodetected): hpdftex.
 (/usr/share/texlive/texmf-dist/tex/latex/hyperref/hpdftex.def
File: hpdftex.def 2021-06-07 v7.00m Hyperref driver for pdfTeX
 (/usr/share/texlive/texmf-dist/tex/latex/base/atveryend-ltx.sty
Package: atveryend-ltx 2020/08/19 v1.0a Emulation of the original atveryend package
with kernel methods
)
\Fld@listcount=\count281
\c@bookmark@seq@number=\count282
 (/usr/share/texlive/texmf-dist/tex/latex/rerunfilecheck/rerunfilecheck.sty
Package: rerunfilecheck 2019/12/05 v1.9 Rerun checks for auxiliary files (HO)
 (/usr/share/texlive/texmf-dist/tex/generic/uniquecounter/uniquecounter.sty
Package: uniquecounter 2019/12/15 v1.4 Provide unlimited unique counter (HO)
)
Package uniquecounter Info: New unique counter `rerunfilecheck' on input line 286.
)
\Hy@SectionHShift=\skip57
)
\c@THM=\count283
) (/usr/share/texlive/texmf-dist/tex/latex/l3backend/l3backend-pdftex.def
File: l3backend-pdftex.def 2022-01-12 L3 backend support: PDF output (pdfTeX)
\l__color_backend_stack_int=\count284
\l__pdf_internal_box=\box53
)
No file _region_.aux.
LaTeX Font Info:    Checking defaults for OML/cmm/m/it on input line 7.
LaTeX Font Info:    ... okay on input line 7.
LaTeX Font Info:    Checking defaults for OMS/cmsy/m/n on input line 7.
LaTeX Font Info:    ... okay on input line 7.
LaTeX Font Info:    Checking defaults for OT1/cmr/m/n on input line 7.
LaTeX Font Info:    ... okay on input line 7.
LaTeX Font Info:    Checking defaults for T1/cmr/m/n on input line 7.
LaTeX Font Info:    ... okay on input line 7.
LaTeX Font Info:    Checking defaults for TS1/cmr/m/n on input line 7.
LaTeX Font Info:    ... okay on input line 7.
LaTeX Font Info:    Checking defaults for OMX/cmex/m/n on input line 7.
LaTeX Font Info:    ... okay on input line 7.
LaTeX Font Info:    Checking defaults for U/cmr/m/n on input line 7.
LaTeX Font Info:    ... okay on input line 7.
LaTeX Font Info:    Checking defaults for PD1/pdf/m/n on input line 7.
LaTeX Font Info:    ... okay on input line 7.
LaTeX Font Info:    Checking defaults for PU/pdf/m/n on input line 7.
LaTeX Font Info:    ... okay on input line 7.
LaTeX Font Info:    Trying to load font information for U+msa on input line 7.
(/usr/share/texlive/texmf-dist/tex/latex/amsfonts/umsa.fd
File: umsa.fd 2013/01/14 v3.01 AMS symbols A
)
LaTeX Font Info:    Trying to load font information for U+msb on input line 7.
 (/usr/share/texlive/texmf-dist/tex/latex/amsfonts/umsb.fd
File: umsb.fd 2013/01/14 v3.01 AMS symbols B
) (/usr/share/texlive/texmf-dist/tex/context/base/mkii/supp-pdf.mkii
[Loading MPS to PDF converter (version 2006.09.02).]
\scratchcounter=\count285
\scratchdimen=\dimen154
\scratchbox=\box54
\nofMPsegments=\count286
\nofMParguments=\count287
\everyMPshowfont=\toks28
\MPscratchCnt=\count288
\MPscratchDim=\dimen155
\MPnumerator=\count289
\makeMPintoPDFobject=\count290
\everyMPtoPDFconversion=\toks29
)
Package hyperref Info: Link coloring OFF on input line 7.
 (/usr/share/texlive/texmf-dist/tex/latex/hyperref/nameref.sty
Package: nameref 2021-04-02 v2.47 Cross-referencing by name of section
 (/usr/share/texlive/texmf-dist/tex/latex/refcount/refcount.sty
Package: refcount 2019/12/15 v3.6 Data extraction from label references (HO)
) (/usr/share/texlive/texmf-dist/tex/generic/gettitlestring/gettitlestring.sty
Package: gettitlestring 2019/12/15 v1.6 Cleanup title references (HO)
)
\c@section@level=\count291
)
LaTeX Info: Redefining \ref on input line 7.
LaTeX Info: Redefining \pageref on input line 7.
LaTeX Info: Redefining \nameref on input line 7.
 (/home/hardiman/.emacs.d/elpa/auctex-13.0.5/latex/preview.sty
Package: preview 2017/04/24 12.3 (AUCTeX/preview-latex)
 (/usr/share/texlive/texmf-dist/tex/generic/luatex85/luatex85.sty
Package: luatex85 2016/06/15 v1.4 pdftex aliases for luatex
) (/home/hardiman/.emacs.d/elpa/auctex-13.0.5/latex/prtightpage.def
\PreviewBorder=\dimen156
) (/home/hardiman/.emacs.d/elpa/auctex-13.0.5/latex/prauctex.def
No auxiliary output files.


\hbadness=\count292
\hfuzz=\dimen157
(/home/hardiman/.emacs.d/elpa/auctex-13.0.5/latex/prauctex.cfg)) (/home/hardiman/.emacs.d/elpa/auctex-13.0.5/latex/prfootnotes.def)
\pr@snippet=\count293
\pr@box=\box55
\pr@output=\toks30

Preview: Fontsize 10.95pt
Preview: PDFoutput 1
)
! Not loaded.
\selectlanguage ...ing it}\errmessage {Not loaded}
                                                  
l.7 \begin{document}
                    
Selecting a language requires a package supporting it

 !name(cell-cat.tex) !offset(-3) 
! Preview: Snippet 1 started.
<-><->
      
l.14 \section
             {Setup}
Not a real error.

Preview: Tightpage -32891 -32891 32891 32891
! Preview: Snippet 1 ended.(490372+0x23592960).
<-><->
      
l.14 \section{Setup}
                    
Not a real error.

[1{/var/lib/texmf/fonts/map/pdftex/updmap/pdftex.map}

]
! Preview: Snippet 2 started.
<-><->
      
l.16 Let $
          S$ be a non-empty finite set of states and let $G$ be an non-empty...
Not a real error.

! Preview: Snippet 2 ended.(490372+0x481402).
<-><->
      
l.16 Let $S$
             be a non-empty finite set of states and let $G$ be an non-empty...
Not a real error.

[2]
! Preview: Snippet 3 started.
<-><->
      
l.16 ...a non-empty finite set of states and let $
                                                  G$ be an non-empty graph. ...
Not a real error.

! Preview: Snippet 3 ended.(490372+0x564227).
<-><->
      
l.16 ...non-empty finite set of states and let $G$
                                                   be an non-empty graph. A ...
Not a real error.

[3]
! Preview: Snippet 4 started.
<-><->
      
l.16 ...aph. A \emph{Cellular Automaton} (CA) on $
                                                  (G,S)$ is a function,
Not a real error.

! Preview: Snippet 4 ended.(538214+179404x1922719).
<-><->
      
l.16 ... \emph{Cellular Automaton} (CA) on $(G,S)$
                                                   is a function,
Not a real error.

[4]
! Preview: Snippet 5 started.
<-><->
      
l.17 $
      $\de \colon S^{|V|} \rightarrow S^{|V|}.$$
Not a real error.

! Preview: Snippet 5 ended.(851968+0x23592960).
<-><->
      
l.17 $$\de \colon S^{|V|} \rightarrow S^{|V|}.$$
                                                
Not a real error.

[5]
! Preview: Snippet 6 started.
<-><->
      
l.18 We call an element of $
                            S^{|V|}$ a \emph{configuration}, and call this f...
Not a real error.

! Preview: Snippet 6 ended.(653634+0x1271850).
<-><->
      
l.18 We call an element of $S^{|V|}$
                                     a \emph{configuration}, and call this f...
Not a real error.

[6]
! Preview: Snippet 7 started.
<-><->
      
l.22   Obviously, $
                   \de$ should be constrained by $G$, in some way. But, for ...
Not a real error.

! Preview: Snippet 7 ended.(498346+0x346100).
<-><->
      
l.22   Obviously, $\de$
                        should be constrained by $G$, in some way. But, for ...
Not a real error.

[7]
! Preview: Snippet 8 started.
<-><->
      
l.22   Obviously, $\de$ should be constrained by $
                                                  G$, in some way. But, for ...
Not a real error.

! Preview: Snippet 8 ended.(490372+0x564227).
<-><->
      
l.22 ...iously, $\de$ should be constrained by $G$
                                                  , in some way. But, for no...
Not a real error.

[8]
! Preview: Snippet 9 started.
<-><->
      
l.22 ...s that everything works for an arbitrary $
                                                  \de \in \End(S^{|V|})$.
Not a real error.

! Preview: Snippet 9 ended.(653634+179404x4338920).
<-><->
      
l.22 ...s for an arbitrary $\de \in \End(S^{|V|})$
                                                  .
Not a real error.

[9]
! Preview: Snippet 10 started.
<-><->
      
l.25 For a given cellular automata $
                                    (G,S,\de)$, we consider a cateogry $\bC$...
Not a real error.

! Preview: Snippet 10 ended.(538214+179404x2547891).
<-><->
      
l.25 For a given cellular automata $(G,S,\de)$
                                              , we consider a cateogry $\bC$...
Not a real error.

[10]
! Preview: Snippet 11 started.
<-><->
      
l.25 ...mata $(G,S,\de)$, we consider a cateogry $
                                                  \bC$ defined as follows.
Not a real error.

! Preview: Snippet 11 ended.(494359+0x518281).
<-><->
      
l.25 ... $(G,S,\de)$, we consider a cateogry $\bC$
                                                   defined as follows.
Not a real error.

[11]
! Preview: Snippet 12 started.
<-><->
      
l.27 \item $
            \Obj(\bC) = S^{|V|}$
Not a real error.

! Preview: Snippet 12 ended.(653634+179404x4521069).
<-><->
      
l.27 \item $\Obj(\bC) = S^{|V|}$
                                
Not a real error.

[12]
! Preview: Snippet 13 started.
<-><->
      
l.28 \item $
            \Hom(a,b) = \{n \in \mathbb{N} \mid \de^n(a)=b \}.$
Not a real error.

! Preview: Snippet 13 ended.(538214+179404x10276471).
<-><->
      
l.28 ... = \{n \in \mathbb{N} \mid \de^n(a)=b \}.$
                                                  
Not a real error.

[13]
! Preview: Snippet 14 started.
<-><->
      
l.32 ...eal object of interest is the 2-category $
                                                  \Cell$  of such categories...
Not a real error.

! Preview: Snippet 14 ended.(498346+143520x1235901).
<-><->
      
l.32 ...ject of interest is the 2-category $\Cell$
                                                    of such categories (i.e....
Not a real error.

[14]
! Preview: Snippet 15 started.
<-><->
      
l.32 ...ar automata). In particular, we consider $
                                                  \bG$, the category arsing ...
Not a real error.

! Preview: Snippet 15 ended.(494359+0x558150).
<-><->
      
l.32 ...utomata). In particular, we consider $\bG$
                                                  , the category arsing from...
Not a real error.

[15]
! Preview: Snippet 16 started.
<-><->
      
l.32 ...: can we construct a non-trivial functor $
                                                  F \colon \bG \to \bC$? An ...
Not a real error.

! Preview: Snippet 16 ended.(494359+0x3272136).
<-><->
      
l.32 ...non-trivial functor $F \colon \bG \to \bC$
                                                  ? An initial challenge in ...
Not a real error.

[16]
! Preview: Snippet 17 started.
<-><->
      
l.47 ...ad cellular automata is a zero object in $
                                                  \Cell$. \com{This could be...
Not a real error.

! Preview: Snippet 17 ended.(498346+143520x1235901).
<-><->
      
l.47 ...lular automata is a zero object in $\Cell$
                                                  . \com{This could be incor...
Not a real error.

[17]
! Preview: Snippet 18 started.
<-><->
      
l.47 ...iscussion in Remark~\ref{rem:change-cat}.}
                                                   Therefore dead cellular a...
Not a real error.

! Preview: Snippet 18 ended.(494359+0x518281).
<-><->
      
l.47 ...iscussion in Remark~\ref{rem:change-cat}.}
                                                   Therefore dead cellular a...
Not a real error.

[18]

LaTeX Warning: Reference `rem:change-cat' on page 1 undefined on input line 47.

! Preview: Snippet 19 started.
<-><->
      
l.47 ... dead cellular automata, which we denote $
                                                  \bot$.
Not a real error.

! Preview: Snippet 19 ended.(498346+0x558150).
<-><->
      
l.47 ... cellular automata, which we denote $\bot$
                                                  .
Not a real error.

[19]
! Preview: Snippet 20 started.
<-><->
      
l.51 \section
             {Trivial examples}
Not a real error.

! Preview: Snippet 20 ended.(490372+0x23592960).
<-><->
      
l.51 \section{Trivial examples}
                               
Not a real error.

[20

]
! Preview: Snippet 21 started.
<-><->
      
l.54 \begin{align*}
                   
Not a real error.

! Preview: Snippet 21 ended.(786707+0x16537743).
<-><->
      
l.56 \end{align*}
                 
Not a real error.


LaTeX Warning: Command \pdfstringdef invalid in math mode on input line 56.

[21]
! Preview: Snippet 22 started.
<-><->
      
l.57 For a given configuration $
                                a \in \Obj(\bG)$, let $A_1(a)$ denote the se...
Not a real error.

! Preview: Snippet 22 ended.(538214+179404x3588678).
<-><->
      
l.57 For a given configuration $a \in \Obj(\bG)$
                                                , let $A_1(a)$ denote the se...
Not a real error.

[22]
! Preview: Snippet 23 started.
<-><->
      
l.57 ...ven configuration $a \in \Obj(\bG)$, let $
                                                  A_1(a)$ denote the set of ...
Not a real error.

! Preview: Snippet 23 ended.(538214+179404x1786991).
<-><->
      
l.57 ...figuration $a \in \Obj(\bG)$, let $A_1(a)$
                                                   denote the set of configu...
Not a real error.

[23]
! Preview: Snippet 24 started.
<-><->
      
l.57 ...A_1(a)$ denote the set of configurations $
                                                  b$ such that $\de{b}=a$
Not a real error.

! Preview: Snippet 24 ended.(498346+0x307978).
<-><->
      
l.57 ...1(a)$ denote the set of configurations $b$
                                                   such that $\de{b}=a$
Not a real error.

[24]
! Preview: Snippet 25 started.
<-><->
      
l.57 ... the set of configurations $b$ such that $
                                                  \de{b}=a$
Not a real error.

! Preview: Snippet 25 ended.(498346+0x1990224).
<-><->
      
l.57 ...of configurations $b$ such that $\de{b}=a$
                                                  
Not a real error.

[25]
! Preview: Snippet 26 started.
<-><->
      
l.58 For a given configuration $
                                a \in \Obj(\bG)$, we consider the following ...
Not a real error.

! Preview: Snippet 26 ended.(538214+179404x3588678).
<-><->
      
l.58 For a given configuration $a \in \Obj(\bG)$
                                                , we consider the following ...
Not a real error.

[26]
! Preview: Snippet 27 started.
<-><->
      
l.59 \begin{align*}
                   
Not a real error.

! Preview: Snippet 27 ended.(2053852+0x17895976).
<-><->
      
l.61 \end{align*}
                 
Not a real error.


LaTeX Warning: Command \pdfstringdef invalid in math mode on input line 61.

[27]
\newlabel{tocindent-1}{0pt}
\newlabel{tocindent0}{0pt}
\newlabel{tocindent1}{19.4667pt}
\newlabel{tocindent2}{0pt}
\newlabel{tocindent3}{0pt}

LaTeX Warning: There were undefined references.

 ) 
Here is how much of TeX's memory you used:
 9441 strings out of 478287
 144451 string characters out of 5849290
 433675 words of memory out of 5000000
 27331 multiletter control sequences out of 15000+600000
 477673 words of font info for 60 fonts, out of 8000000 for 9000
 1302 hyphenation exceptions out of 8191
 70i,12n,76p,838b,424s stack positions out of 5000i,500n,10000p,200000b,80000s
</usr/share/texlive/texmf-dist/fonts/type1/public/amsfonts/cm/cmbx10.pfb></usr/share/texlive/texmf-dist/fonts/type1/public/amsfonts/cm/cmcsc10.pfb></usr/share/texlive/texmf-dist/fonts/type1/public/amsfonts/cm/cmmi10.pfb></usr/share/texlive/texmf-dist/fonts/type1/public/amsfonts/cm/cmmi8.pfb></usr/share/texlive/texmf-dist/fonts/type1/public/amsfonts/cm/cmr10.pfb></usr/share/texlive/texmf-dist/fonts/type1/public/amsfonts/cm/cmr8.pfb></usr/share/texlive/texmf-dist/fonts/type1/public/amsfonts/cm/cmsy10.pfb></usr/share/texlive/texmf-dist/fonts/type1/public/amsfonts/cm/cmsy8.pfb></usr/share/texlive/texmf-dist/fonts/type1/public/amsfonts/symbols/msbm10.pfb>
Output written on _region_.pdf (27 pages, 88372 bytes).
PDF statistics:
 175 PDF objects out of 1000 (max. 8388607)
 125 compressed objects within 2 object streams
 29 named destinations out of 1000 (max. 500000)
 1 words of extra memory for PDF output out of 10000 (max. 10000000)

